<?xml version="1.0" encoding="UTF-8"?>
<!-- Generated by org.testng.reporters.JUnitReportReporter -->
<testsuite hostname="ACKO1387.local" failures="0" tests="4" name="tests.Verify_Form_Fill_Checkout" time="21.145" errors="0" timestamp="2022-11-24T16:29:20 IST" skipped="0">
  <testcase classname="tests.Verify_Form_Fill_Checkout" name="test2_negative_scenario_build_1" time="3.728"/>
  <system-out/>
  <testcase classname="tests.Verify_Form_Fill_Checkout" name="test3_negative_scenario_build_3" time="4.569"/>
  <system-out/>
  <testcase classname="tests.Verify_Form_Fill_Checkout" name="test1_positive_scenario_build_0" time="8.390"/>
  <system-out/>
  <testcase classname="tests.Verify_Form_Fill_Checkout" name="test3_negative_scenario_build_2" time="4.458"/>
  <system-out/>
</testsuite> <!-- tests.Verify_Form_Fill_Checkout -->
